<?xml version="1.0" encoding="UTF-8"?>
<!-- Generated by org.testng.reporters.JUnitReportReporter -->
<testsuite hostname="DESKTOP-F0SEMFK" failures="0" tests="1" name="FrontEnd.Tests.SignUp" time="5.712" errors="0" timestamp="2022-12-22T18:31:29 IST" skipped="0">
  <testcase classname="FrontEnd.Tests.SignUp" name="signUp" time="5.712"/>
  <system-out/>
</testsuite> <!-- FrontEnd.Tests.SignUp -->
