<?xml version="1.0" encoding="UTF-8"?>
<!-- Generated by org.testng.reporters.JUnitReportReporter -->
<testsuite hostname="DESKTOP-F0SEMFK" failures="0" tests="5" name="FrontEnd.Tests.Login" time="40.618" errors="0" timestamp="2022-12-22T16:43:03 IST" skipped="0">
  <testcase classname="FrontEnd.Tests.Login" name="loginWithPhoneNom" time="23.523"/>
  <system-out/>
  <testcase classname="FrontEnd.Tests.Login" name="loginWithInvalidPhoneNom" time="4.110"/>
  <system-out/>
  <testcase classname="FrontEnd.Tests.Login" name="loginWithPhoneNomMorethan10Digit" time="3.783"/>
  <system-out/>
  <testcase classname="FrontEnd.Tests.Login" name="loginWithPhoneNomlessthan10Digit" time="5.246"/>
  <system-out/>
  <testcase classname="FrontEnd.Tests.Login" name="loginWithotPhoneNom" time="3.956"/>
  <system-out/>
</testsuite> <!-- FrontEnd.Tests.Login -->
