<?xml version="1.0" encoding="UTF-8"?>
<!-- Generated by org.testng.reporters.JUnitReportReporter -->
<testsuite hostname="DESKTOP-F0SEMFK" failures="0" tests="2" name="FrontEnd.Tests.SignUpTest" time="10.119" errors="0" timestamp="2022-12-23T14:49:36 IST" skipped="0">
  <testcase classname="FrontEnd.Tests.SignUpTest" name="signUpwithRegisteredNum" time="3.846"/>
  <system-out/>
  <testcase classname="FrontEnd.Tests.SignUpTest" name="signUpwithoutPhoneNum" time="6.273"/>
  <system-out/>
</testsuite> <!-- FrontEnd.Tests.SignUpTest -->
